facesdk/build/intermediates/manifest_merge_blame_file/debug/manifest-merger-blame-debug-report.txt
1<?xml version="1.0" encoding="utf-8"?>
2<!--   ~ Copyright (C) 2017 Baidu, Inc. All Rights Reserved. -->
3<manifest xmlns:android="http://schemas.android.com/apk/res/android"
4    package="com.baidu.api.facesdk"
5    android:versionCode="1"
6    android:versionName="1.0" >
7
8    <uses-sdk
9        android:minSdkVersion="16"
9-->src\main\AndroidManifest.xml
10        android:targetSdkVersion="29" />
10-->src\main\AndroidManifest.xml
11
12    <uses-permission android:name="android.permission.CAMERA" />
12-->src\main\AndroidManifest.xml:9:5-64
12-->src\main\AndroidManifest.xml:9:22-62
13
14    <application
14-->src\main\AndroidManifest.xml:10:5-15:19
15        android:allowBackup="true"
15-->src\main\AndroidManifest.xml:10:18-44
16        android:label="@string/app_name"
16-->src\main\AndroidManifest.xml:11:18-50
17        android:supportsRtl="true" >
17-->src\main\AndroidManifest.xml:12:18-44
18    </application>
19
20</manifest>